<?xml version="1.0" encoding="UTF-8"?>
<!-- Generated by org.testng.reporters.JUnitReportReporter -->
<testsuite skipped="0" hostname="Rahuls-MacBook-Pro.local" name="daksha.ex.meaningful.model1.automator.withInlineLocators.WebTestWithSeleniumAutomator" tests="1" failures="0" timestamp="25 Jun 2018 07:04:09 GMT" time="5.026" errors="0">
  <testcase name="test" time="5.026" classname="daksha.ex.meaningful.model1.automator.withInlineLocators.WebTestWithSeleniumAutomator"/>
</testsuite> <!-- daksha.ex.meaningful.model1.automator.withInlineLocators.WebTestWithSeleniumAutomator -->
