<?xml version="1.0" encoding="UTF-8"?>
<!-- Generated by org.testng.reporters.JUnitReportReporter -->
<testsuite skipped="0" hostname="Rahuls-MacBook-Pro.local" name="daksha.ex.uiauto01.web.uidriver.WebTestAutomationWithUiDriver" tests="1" failures="0" timestamp="18 Jun 2018 17:46:31 GMT" time="6.865" errors="0">
  <testcase name="test" time="6.865" classname="daksha.ex.uiauto01.web.uidriver.WebTestAutomationWithUiDriver"/>
</testsuite> <!-- daksha.ex.uiauto01.web.uidriver.WebTestAutomationWithUiDriver -->
